[GIN-debug] [WARNING] Creating an Engine instance with the Logger and Recovery middleware already attached.

[GIN-debug] [WARNING] Running in "debug" mode. Switch to "release" mode in production.
 - using env:	export GIN_MODE=release
 - using code:	gin.SetMode(gin.ReleaseMode)

[GIN-debug] GET    /swagger/*any             --> main.main.func1 (5 handlers)
[GIN-debug] GET    /api/products             --> product-service/internal/handlers.(*ProductHandler).GetAllProducts-fm (5 handlers)
[GIN-debug] GET    /api/product/:id          --> product-service/internal/handlers.(*ProductHandler).GetProduct-fm (5 handlers)
[GIN-debug] POST   /api/product              --> product-service/internal/handlers.(*ProductHandler).CreateProduct-fm (5 handlers)
[GIN-debug] PUT    /api/product/:id          --> product-service/internal/handlers.(*ProductHandler).UpdateProduct-fm (5 handlers)
[GIN-debug] DELETE /api/product/:id          --> product-service/internal/handlers.(*ProductHandler).DeleteProduct-fm (5 handlers)
[GIN-debug] GET    /api/categories           --> product-service/internal/handlers.(*CategoryHandler).GetAllCategories-fm (5 handlers)
[GIN-debug] POST   /api/category             --> product-service/internal/handlers.(*CategoryHandler).CreateCategory-fm (5 handlers)
[GIN-debug] PUT    /api/category/:id         --> product-service/internal/handlers.(*CategoryHandler).UpdateCategory-fm (5 handlers)
[GIN-debug] DELETE /api/category/:id         --> product-service/internal/handlers.(*CategoryHandler).DeleteCategory-fm (5 handlers)
[GIN-debug] GET    /api/category/:id         --> product-service/internal/handlers.(*CategoryHandler).GetCategory-fm (5 handlers)
[GIN-debug] GET    /api/suppliers            --> product-service/internal/handlers.(*SupplierHandler).GetAllSuppliers-fm (5 handlers)
[GIN-debug] GET    /api/supplier/:id         --> product-service/internal/handlers.(*SupplierHandler).GetSupplier-fm (5 handlers)
[GIN-debug] POST   /api/supplier             --> product-service/internal/handlers.(*SupplierHandler).CreateSupplier-fm (5 handlers)
[GIN-debug] PUT    /api/supplier/:id         --> product-service/internal/handlers.(*SupplierHandler).UpdateSupplier-fm (5 handlers)
[GIN-debug] DELETE /api/supplier/:id         --> product-service/internal/handlers.(*SupplierHandler).DeleteSupplier-fm (5 handlers)
[GIN-debug] [WARNING] You trusted all proxies, this is NOT safe. We recommend you to set a value.
Please check https://pkg.go.dev/github.com/gin-gonic/gin#readme-don-t-trust-all-proxies for details.
[GIN-debug] Listening and serving HTTP on :8810
[GIN] 2025/02/28 - 22:47:52 | 500 |      1.7425ms |       127.0.0.1 | DELETE   "/api/supplier/2"
[GIN] 2025/02/28 - 22:47:52 | 500 |      1.7425ms |       127.0.0.1 | DELETE   "/api/supplier/2"
